[     127ms] [LOG] [Fast Refresh] rebuilding @ http://localhost:3000/_next/static/chunks/node_modules_next_dist_1ybzpk2._.js:2477
[     305ms] [LOG] [Fast Refresh] done in 290ms @ http://localhost:3000/_next/static/chunks/node_modules_next_dist_1ybzpk2._.js:2477
[     570ms] [INFO] %cDownload the React DevTools for a better development experience: https://react.dev/link/react-devtools font-weight:bold @ http://localhost:3000/_next/static/chunks/node_modules_next_dist_1ybzpk2._.js:2477
[     643ms] [LOG] [elevenlabs] Key loaded: false @ http://localhost:3000/_next/static/chunks/node_modules_next_dist_1ybzpk2._.js:2477
[     918ms] [LOG] [HMR] connected @ http://localhost:3000/_next/static/chunks/node_modules_next_dist_1ybzpk2._.js:2477
[     941ms] [LOG] [bootstrap] offline status: {navigatorOnLine: true, offline: false} @ http://localhost:3000/_next/static/chunks/node_modules_next_dist_1ybzpk2._.js:2477
[     961ms] [WARNING] AdSense head tag doesn't support data-nscript attribute. @ http://localhost:3000/_next/static/chunks/node_modules_next_dist_1ybzpk2._.js:2477
[    1049ms] [LOG] [bootstrap] auth state: {event: INITIAL_SESSION, hasSession: false, userId: null} @ http://localhost:3000/_next/static/chunks/node_modules_next_dist_1ybzpk2._.js:2477
[    1052ms] [LOG] [bootstrap] session status: {ready: true, hasSession: false, userId: null, email: null} @ http://localhost:3000/_next/static/chunks/node_modules_next_dist_1ybzpk2._.js:2477
[    1076ms] [ERROR] Failed to load resource: the server responded with a status of 401 (Unauthorized) @ http://localhost:3000/api/companion/access:0
[    1324ms] [LOG] [bootstrap] auth state: {event: INITIAL_SESSION, hasSession: false, userId: null} @ http://localhost:3000/_next/static/chunks/node_modules_next_dist_1ybzpk2._.js:2477
[    1342ms] [LOG] [bootstrap] auth state: {event: INITIAL_SESSION, hasSession: false, userId: null} @ http://localhost:3000/_next/static/chunks/node_modules_next_dist_1ybzpk2._.js:2477
[    1368ms] [LOG] [Fast Refresh] rebuilding @ http://localhost:3000/_next/static/chunks/node_modules_next_dist_1ybzpk2._.js:2477
[    1588ms] [ERROR] Failed to load resource: the server responded with a status of 400 () @ https://oikvspgxllujvgyxatbb.supabase.co/rest/v1/workspaces?select=*&user_id=eq.temp-user-56zm9y0m24w:0
[    1836ms] [LOG] [Fast Refresh] done in 576ms @ http://localhost:3000/_next/static/chunks/node_modules_next_dist_1ybzpk2._.js:2477
[    1864ms] [WARNING] Image with src "/mugtee/mugtee-sidekick.png" has either width or height modified, but not the other. If you use CSS to change the size of your image, also include the styles 'width: "auto"' or 'height: "auto"' to maintain the aspect ratio. @ http://localhost:3000/_next/static/chunks/node_modules_next_dist_1ybzpk2._.js:2477
[    1879ms] [ERROR] Failed to load resource: the server responded with a status of 400 () @ https://oikvspgxllujvgyxatbb.supabase.co/rest/v1/workspaces?select=*:0
[   79836ms] [LOG] [Fast Refresh] rebuilding @ http://localhost:3000/_next/static/chunks/node_modules_next_dist_1ybzpk2._.js:2477
[   80075ms] [LOG] [Fast Refresh] done in 345ms @ http://localhost:3000/_next/static/chunks/node_modules_next_dist_1ybzpk2._.js:2477
[   80276ms] [LOG] [Fast Refresh] rebuilding @ http://localhost:3000/_next/static/chunks/node_modules_next_dist_1ybzpk2._.js:2477
[   80322ms] [LOG] [Fast Refresh] done in 148ms @ http://localhost:3000/_next/static/chunks/node_modules_next_dist_1ybzpk2._.js:2477
[   81820ms] [ERROR] Failed to load resource: the server responded with a status of 400 () @ https://oikvspgxllujvgyxatbb.supabase.co/rest/v1/workspaces?select=*&user_id=eq.temp-user-fwou8kdh2nq:0
[   82057ms] [ERROR] Failed to load resource: the server responded with a status of 400 () @ https://oikvspgxllujvgyxatbb.supabase.co/rest/v1/workspaces?select=*:0
